<?xml version="1.0" encoding="UTF-8"?>
<!-- Generated by org.testng.reporters.JUnitReportReporter -->
<testsuite hostname="DESKTOP-Q71UIV7" failures="0" tests="1" name="com.ecommerce.testRunner.TestRunner" time="33.159" errors="0" timestamp="22 Feb 2021 14:38:13 GMT" skipped="0">
  <testcase classname="com.ecommerce.testRunner.TestRunner" name="runScenario" time="33.159"/>
</testsuite> <!-- com.ecommerce.testRunner.TestRunner -->
